{"C:\\Users\\sahir\\Documents\\Projects\\cosc-4353-project\\backend\\server.js": {"path":"C:\\Users\\sahir\\Documents\\Projects\\cosc-4353-project\\backend\\server.js","statementMap":{"0":{"start":{"line":1,"column":16},"end":{"line":1,"column":34}},"1":{"start":{"line":2,"column":15},"end":{"line":2,"column":34}},"2":{"start":{"line":3,"column":12},"end":{"line":3,"column":35}},"3":{"start":{"line":4,"column":19},"end":{"line":4,"column":41}},"4":{"start":{"line":5,"column":13},"end":{"line":5,"column":28}},"5":{"start":{"line":6,"column":11},"end":{"line":6,"column":24}},"6":{"start":{"line":7,"column":13},"end":{"line":7,"column":27}},"7":{"start":{"line":9,"column":12},"end":{"line":9,"column":21}},"8":{"start":{"line":10,"column":13},"end":{"line":10,"column":17}},"9":{"start":{"line":12,"column":0},"end":{"line":12,"column":24}},"10":{"start":{"line":13,"column":0},"end":{"line":13,"column":16}},"11":{"start":{"line":17,"column":19},"end":{"line":17,"column":36}},"12":{"start":{"line":21,"column":26},"end":{"line":27,"column":1}},"13":{"start":{"line":22,"column":2},"end":{"line":25,"column":3}},"14":{"start":{"line":23,"column":17},"end":{"line":23,"column":38}},"15":{"start":{"line":24,"column":4},"end":{"line":24,"column":28}},"16":{"start":{"line":26,"column":2},"end":{"line":26,"column":12}},"17":{"start":{"line":30,"column":25},"end":{"line":32,"column":1}},"18":{"start":{"line":31,"column":2},"end":{"line":31,"column":57}},"19":{"start":{"line":34,"column":14},"end":{"line":34,"column":33}},"20":{"start":{"line":38,"column":0},"end":{"line":76,"column":3}},"21":{"start":{"line":39,"column":38},"end":{"line":39,"column":46}},"22":{"start":{"line":41,"column":4},"end":{"line":43,"column":7}},"23":{"start":{"line":42,"column":8},"end":{"line":42,"column":65}},"24":{"start":{"line":45,"column":4},"end":{"line":47,"column":5}},"25":{"start":{"line":46,"column":8},"end":{"line":46,"column":84}},"26":{"start":{"line":50,"column":23},"end":{"line":50,"column":63}},"27":{"start":{"line":50,"column":42},"end":{"line":50,"column":62}},"28":{"start":{"line":51,"column":4},"end":{"line":53,"column":5}},"29":{"start":{"line":52,"column":8},"end":{"line":52,"column":72}},"30":{"start":{"line":56,"column":27},"end":{"line":56,"column":58}},"31":{"start":{"line":58,"column":20},"end":{"line":69,"column":5}},"32":{"start":{"line":70,"column":4},"end":{"line":70,"column":24}},"33":{"start":{"line":72,"column":4},"end":{"line":72,"column":28}},"34":{"start":{"line":75,"column":4},"end":{"line":75,"column":70}},"35":{"start":{"line":79,"column":0},"end":{"line":106,"column":3}},"36":{"start":{"line":80,"column":32},"end":{"line":80,"column":40}},"37":{"start":{"line":83,"column":4},"end":{"line":85,"column":5}},"38":{"start":{"line":84,"column":8},"end":{"line":84,"column":84}},"39":{"start":{"line":88,"column":17},"end":{"line":88,"column":57}},"40":{"start":{"line":88,"column":36},"end":{"line":88,"column":56}},"41":{"start":{"line":89,"column":4},"end":{"line":92,"column":5}},"42":{"start":{"line":90,"column":8},"end":{"line":90,"column":46}},"43":{"start":{"line":91,"column":8},"end":{"line":91,"column":67}},"44":{"start":{"line":95,"column":28},"end":{"line":95,"column":73}},"45":{"start":{"line":96,"column":4},"end":{"line":96,"column":54}},"46":{"start":{"line":97,"column":4},"end":{"line":99,"column":5}},"47":{"start":{"line":98,"column":8},"end":{"line":98,"column":72}},"48":{"start":{"line":102,"column":18},"end":{"line":102,"column":99}},"49":{"start":{"line":105,"column":4},"end":{"line":105,"column":70}},"50":{"start":{"line":109,"column":0},"end":{"line":201,"column":5}},"51":{"start":{"line":111,"column":18},"end":{"line":111,"column":58}},"52":{"start":{"line":113,"column":4},"end":{"line":115,"column":5}},"53":{"start":{"line":114,"column":6},"end":{"line":114,"column":68}},"54":{"start":{"line":117,"column":4},"end":{"line":151,"column":5}},"55":{"start":{"line":118,"column":22},"end":{"line":118,"column":51}},"56":{"start":{"line":119,"column":19},"end":{"line":119,"column":67}},"57":{"start":{"line":119,"column":38},"end":{"line":119,"column":66}},"58":{"start":{"line":121,"column":6},"end":{"line":123,"column":7}},"59":{"start":{"line":122,"column":8},"end":{"line":122,"column":67}},"60":{"start":{"line":126,"column":4},"end":{"line":132,"column":7}},"61":{"start":{"line":136,"column":6},"end":{"line":148,"column":9}},"62":{"start":{"line":150,"column":6},"end":{"line":150,"column":68}},"63":{"start":{"line":155,"column":18},"end":{"line":155,"column":58}},"64":{"start":{"line":157,"column":4},"end":{"line":159,"column":5}},"65":{"start":{"line":158,"column":6},"end":{"line":158,"column":68}},"66":{"start":{"line":161,"column":4},"end":{"line":200,"column":5}},"67":{"start":{"line":162,"column":22},"end":{"line":162,"column":51}},"68":{"start":{"line":163,"column":19},"end":{"line":163,"column":67}},"69":{"start":{"line":163,"column":38},"end":{"line":163,"column":66}},"70":{"start":{"line":165,"column":6},"end":{"line":167,"column":7}},"71":{"start":{"line":166,"column":8},"end":{"line":166,"column":67}},"72":{"start":{"line":170,"column":100},"end":{"line":170,"column":108}},"73":{"start":{"line":173,"column":6},"end":{"line":173,"column":48}},"74":{"start":{"line":174,"column":6},"end":{"line":174,"column":48}},"75":{"start":{"line":175,"column":6},"end":{"line":175,"column":48}},"76":{"start":{"line":176,"column":6},"end":{"line":176,"column":36}},"77":{"start":{"line":177,"column":6},"end":{"line":177,"column":39}},"78":{"start":{"line":178,"column":6},"end":{"line":178,"column":33}},"79":{"start":{"line":179,"column":6},"end":{"line":179,"column":42}},"80":{"start":{"line":180,"column":6},"end":{"line":180,"column":57}},"81":{"start":{"line":181,"column":6},"end":{"line":181,"column":60}},"82":{"start":{"line":184,"column":6},"end":{"line":197,"column":9}},"83":{"start":{"line":199,"column":6},"end":{"line":199,"column":68}},"84":{"start":{"line":209,"column":0},"end":{"line":209,"column":21}}},"fnMap":{"0":{"name":"(anonymous_0)","decl":{"start":{"line":21,"column":26},"end":{"line":21,"column":27}},"loc":{"start":{"line":21,"column":32},"end":{"line":27,"column":1}},"line":21},"1":{"name":"(anonymous_1)","decl":{"start":{"line":30,"column":25},"end":{"line":30,"column":26}},"loc":{"start":{"line":30,"column":36},"end":{"line":32,"column":1}},"line":30},"2":{"name":"(anonymous_2)","decl":{"start":{"line":38,"column":22},"end":{"line":38,"column":23}},"loc":{"start":{"line":38,"column":41},"end":{"line":76,"column":1}},"line":38},"3":{"name":"(anonymous_3)","decl":{"start":{"line":50,"column":34},"end":{"line":50,"column":35}},"loc":{"start":{"line":50,"column":42},"end":{"line":50,"column":62}},"line":50},"4":{"name":"(anonymous_4)","decl":{"start":{"line":79,"column":19},"end":{"line":79,"column":20}},"loc":{"start":{"line":79,"column":38},"end":{"line":106,"column":1}},"line":79},"5":{"name":"(anonymous_5)","decl":{"start":{"line":88,"column":28},"end":{"line":88,"column":29}},"loc":{"start":{"line":88,"column":36},"end":{"line":88,"column":56}},"line":88},"6":{"name":"(anonymous_6)","decl":{"start":{"line":110,"column":7},"end":{"line":110,"column":8}},"loc":{"start":{"line":110,"column":27},"end":{"line":152,"column":3}},"line":110},"7":{"name":"(anonymous_7)","decl":{"start":{"line":119,"column":30},"end":{"line":119,"column":31}},"loc":{"start":{"line":119,"column":38},"end":{"line":119,"column":66}},"line":119},"8":{"name":"(anonymous_8)","decl":{"start":{"line":153,"column":8},"end":{"line":153,"column":9}},"loc":{"start":{"line":153,"column":27},"end":{"line":201,"column":3}},"line":153},"9":{"name":"(anonymous_9)","decl":{"start":{"line":163,"column":30},"end":{"line":163,"column":31}},"loc":{"start":{"line":163,"column":38},"end":{"line":163,"column":66}},"line":163}},"branchMap":{"0":{"loc":{"start":{"line":22,"column":2},"end":{"line":25,"column":3}},"type":"if","locations":[{"start":{"line":22,"column":2},"end":{"line":25,"column":3}},{"start":{},"end":{}}],"line":22},"1":{"loc":{"start":{"line":41,"column":4},"end":{"line":43,"column":7}},"type":"if","locations":[{"start":{"line":41,"column":4},"end":{"line":43,"column":7}},{"start":{},"end":{}}],"line":41},"2":{"loc":{"start":{"line":41,"column":8},"end":{"line":41,"column":55}},"type":"binary-expr","locations":[{"start":{"line":41,"column":8},"end":{"line":41,"column":13}},{"start":{"line":41,"column":17},"end":{"line":41,"column":55}}],"line":41},"3":{"loc":{"start":{"line":45,"column":4},"end":{"line":47,"column":5}},"type":"if","locations":[{"start":{"line":45,"column":4},"end":{"line":47,"column":5}},{"start":{},"end":{}}],"line":45},"4":{"loc":{"start":{"line":45,"column":7},"end":{"line":45,"column":26}},"type":"binary-expr","locations":[{"start":{"line":45,"column":7},"end":{"line":45,"column":13}},{"start":{"line":45,"column":17},"end":{"line":45,"column":26}}],"line":45},"5":{"loc":{"start":{"line":51,"column":4},"end":{"line":53,"column":5}},"type":"if","locations":[{"start":{"line":51,"column":4},"end":{"line":53,"column":5}},{"start":{},"end":{}}],"line":51},"6":{"loc":{"start":{"line":83,"column":4},"end":{"line":85,"column":5}},"type":"if","locations":[{"start":{"line":83,"column":4},"end":{"line":85,"column":5}},{"start":{},"end":{}}],"line":83},"7":{"loc":{"start":{"line":83,"column":7},"end":{"line":83,"column":26}},"type":"binary-expr","locations":[{"start":{"line":83,"column":7},"end":{"line":83,"column":13}},{"start":{"line":83,"column":17},"end":{"line":83,"column":26}}],"line":83},"8":{"loc":{"start":{"line":89,"column":4},"end":{"line":92,"column":5}},"type":"if","locations":[{"start":{"line":89,"column":4},"end":{"line":92,"column":5}},{"start":{},"end":{}}],"line":89},"9":{"loc":{"start":{"line":97,"column":4},"end":{"line":99,"column":5}},"type":"if","locations":[{"start":{"line":97,"column":4},"end":{"line":99,"column":5}},{"start":{},"end":{}}],"line":97},"10":{"loc":{"start":{"line":113,"column":4},"end":{"line":115,"column":5}},"type":"if","locations":[{"start":{"line":113,"column":4},"end":{"line":115,"column":5}},{"start":{},"end":{}}],"line":113},"11":{"loc":{"start":{"line":121,"column":6},"end":{"line":123,"column":7}},"type":"if","locations":[{"start":{"line":121,"column":6},"end":{"line":123,"column":7}},{"start":{},"end":{}}],"line":121},"12":{"loc":{"start":{"line":129,"column":19},"end":{"line":129,"column":55}},"type":"cond-expr","locations":[{"start":{"line":129,"column":33},"end":{"line":129,"column":51}},{"start":{"line":129,"column":54},"end":{"line":129,"column":55}}],"line":129},"13":{"loc":{"start":{"line":131,"column":25},"end":{"line":131,"column":73}},"type":"cond-expr","locations":[{"start":{"line":131,"column":45},"end":{"line":131,"column":69}},{"start":{"line":131,"column":72},"end":{"line":131,"column":73}}],"line":131},"14":{"loc":{"start":{"line":138,"column":20},"end":{"line":138,"column":39}},"type":"binary-expr","locations":[{"start":{"line":138,"column":20},"end":{"line":138,"column":33}},{"start":{"line":138,"column":37},"end":{"line":138,"column":39}}],"line":138},"15":{"loc":{"start":{"line":139,"column":20},"end":{"line":139,"column":39}},"type":"binary-expr","locations":[{"start":{"line":139,"column":20},"end":{"line":139,"column":33}},{"start":{"line":139,"column":37},"end":{"line":139,"column":39}}],"line":139},"16":{"loc":{"start":{"line":140,"column":20},"end":{"line":140,"column":39}},"type":"binary-expr","locations":[{"start":{"line":140,"column":20},"end":{"line":140,"column":33}},{"start":{"line":140,"column":37},"end":{"line":140,"column":39}}],"line":140},"17":{"loc":{"start":{"line":141,"column":16},"end":{"line":141,"column":31}},"type":"binary-expr","locations":[{"start":{"line":141,"column":16},"end":{"line":141,"column":25}},{"start":{"line":141,"column":29},"end":{"line":141,"column":31}}],"line":141},"18":{"loc":{"start":{"line":142,"column":17},"end":{"line":142,"column":33}},"type":"binary-expr","locations":[{"start":{"line":142,"column":17},"end":{"line":142,"column":27}},{"start":{"line":142,"column":31},"end":{"line":142,"column":33}}],"line":142},"19":{"loc":{"start":{"line":143,"column":15},"end":{"line":143,"column":29}},"type":"binary-expr","locations":[{"start":{"line":143,"column":15},"end":{"line":143,"column":23}},{"start":{"line":143,"column":27},"end":{"line":143,"column":29}}],"line":143},"20":{"loc":{"start":{"line":144,"column":18},"end":{"line":144,"column":63}},"type":"cond-expr","locations":[{"start":{"line":144,"column":47},"end":{"line":144,"column":58}},{"start":{"line":144,"column":61},"end":{"line":144,"column":63}}],"line":144},"21":{"loc":{"start":{"line":145,"column":23},"end":{"line":145,"column":45}},"type":"binary-expr","locations":[{"start":{"line":145,"column":23},"end":{"line":145,"column":39}},{"start":{"line":145,"column":43},"end":{"line":145,"column":45}}],"line":145},"22":{"loc":{"start":{"line":146,"column":24},"end":{"line":146,"column":81}},"type":"cond-expr","locations":[{"start":{"line":146,"column":59},"end":{"line":146,"column":76}},{"start":{"line":146,"column":79},"end":{"line":146,"column":81}}],"line":146},"23":{"loc":{"start":{"line":157,"column":4},"end":{"line":159,"column":5}},"type":"if","locations":[{"start":{"line":157,"column":4},"end":{"line":159,"column":5}},{"start":{},"end":{}}],"line":157},"24":{"loc":{"start":{"line":165,"column":6},"end":{"line":167,"column":7}},"type":"if","locations":[{"start":{"line":165,"column":6},"end":{"line":167,"column":7}},{"start":{},"end":{}}],"line":165},"25":{"loc":{"start":{"line":173,"column":22},"end":{"line":173,"column":47}},"type":"binary-expr","locations":[{"start":{"line":173,"column":22},"end":{"line":173,"column":30}},{"start":{"line":173,"column":34},"end":{"line":173,"column":47}}],"line":173},"26":{"loc":{"start":{"line":174,"column":22},"end":{"line":174,"column":47}},"type":"binary-expr","locations":[{"start":{"line":174,"column":22},"end":{"line":174,"column":30}},{"start":{"line":174,"column":34},"end":{"line":174,"column":47}}],"line":174},"27":{"loc":{"start":{"line":175,"column":22},"end":{"line":175,"column":47}},"type":"binary-expr","locations":[{"start":{"line":175,"column":22},"end":{"line":175,"column":30}},{"start":{"line":175,"column":34},"end":{"line":175,"column":47}}],"line":175},"28":{"loc":{"start":{"line":176,"column":18},"end":{"line":176,"column":35}},"type":"binary-expr","locations":[{"start":{"line":176,"column":18},"end":{"line":176,"column":22}},{"start":{"line":176,"column":26},"end":{"line":176,"column":35}}],"line":176},"29":{"loc":{"start":{"line":177,"column":19},"end":{"line":177,"column":38}},"type":"binary-expr","locations":[{"start":{"line":177,"column":19},"end":{"line":177,"column":24}},{"start":{"line":177,"column":28},"end":{"line":177,"column":38}}],"line":177},"30":{"loc":{"start":{"line":178,"column":17},"end":{"line":178,"column":32}},"type":"binary-expr","locations":[{"start":{"line":178,"column":17},"end":{"line":178,"column":20}},{"start":{"line":178,"column":24},"end":{"line":178,"column":32}}],"line":178},"31":{"loc":{"start":{"line":179,"column":20},"end":{"line":179,"column":41}},"type":"binary-expr","locations":[{"start":{"line":179,"column":20},"end":{"line":179,"column":26}},{"start":{"line":179,"column":30},"end":{"line":179,"column":41}}],"line":179},"32":{"loc":{"start":{"line":180,"column":25},"end":{"line":180,"column":56}},"type":"binary-expr","locations":[{"start":{"line":180,"column":25},"end":{"line":180,"column":36}},{"start":{"line":180,"column":40},"end":{"line":180,"column":56}}],"line":180},"33":{"loc":{"start":{"line":181,"column":26},"end":{"line":181,"column":59}},"type":"binary-expr","locations":[{"start":{"line":181,"column":26},"end":{"line":181,"column":38}},{"start":{"line":181,"column":42},"end":{"line":181,"column":59}}],"line":181}},"s":{"0":1,"1":1,"2":1,"3":1,"4":1,"5":1,"6":1,"7":1,"8":1,"9":1,"10":1,"11":1,"12":1,"13":1,"14":1,"15":1,"16":0,"17":1,"18":1,"19":1,"20":1,"21":6,"22":6,"23":1,"24":5,"25":1,"26":4,"27":16,"28":4,"29":3,"30":1,"31":1,"32":1,"33":1,"34":1,"35":1,"36":5,"37":5,"38":1,"39":4,"40":16,"41":4,"42":0,"43":0,"44":4,"45":4,"46":4,"47":1,"48":3,"49":3,"50":1,"51":3,"52":3,"53":1,"54":2,"55":2,"56":1,"57":4,"58":1,"59":0,"60":1,"61":1,"62":1,"63":1,"64":1,"65":0,"66":1,"67":1,"68":1,"69":4,"70":1,"71":0,"72":1,"73":1,"74":1,"75":1,"76":1,"77":1,"78":1,"79":1,"80":1,"81":1,"82":1,"83":0,"84":1},"f":{"0":1,"1":1,"2":6,"3":16,"4":5,"5":16,"6":3,"7":4,"8":1,"9":4},"b":{"0":[1,0],"1":[1,5],"2":[6,6],"3":[1,4],"4":[5,4],"5":[3,1],"6":[1,4],"7":[5,4],"8":[0,4],"9":[1,3],"10":[1,2],"11":[0,1],"12":[1,0],"13":[1,0],"14":[1,1],"15":[1,1],"16":[1,1],"17":[1,1],"18":[1,1],"19":[1,1],"20":[1,0],"21":[1,1],"22":[1,0],"23":[0,1],"24":[0,1],"25":[1,0],"26":[1,1],"27":[1,1],"28":[1,0],"29":[1,1],"30":[1,1],"31":[1,1],"32":[1,1],"33":[1,1]},"_coverageSchema":"1a1c01bbd47fc00a2c39e90264f33305004495a9","hash":"a360f158bb1f6e29cbf8134eef6a7242a3dc852d"}
}
