{"C:\\Users\\Nahom\\Dropbox\\PC\\Documents\\GitHub\\COSC-4353-Project\\Backend\\server.js": {"path":"C:\\Users\\Nahom\\Dropbox\\PC\\Documents\\GitHub\\COSC-4353-Project\\Backend\\server.js","statementMap":{"0":{"start":{"line":1,"column":16},"end":{"line":1,"column":34}},"1":{"start":{"line":2,"column":17},"end":{"line":2,"column":36}},"2":{"start":{"line":3,"column":13},"end":{"line":3,"column":28}},"3":{"start":{"line":4,"column":0},"end":{"line":4,"column":27}},"4":{"start":{"line":5,"column":14},"end":{"line":5,"column":39}},"5":{"start":{"line":7,"column":12},"end":{"line":7,"column":21}},"6":{"start":{"line":8,"column":13},"end":{"line":8,"column":37}},"7":{"start":{"line":11,"column":0},"end":{"line":11,"column":24}},"8":{"start":{"line":12,"column":0},"end":{"line":12,"column":16}},"9":{"start":{"line":15,"column":0},"end":{"line":19,"column":1}},"10":{"start":{"line":16,"column":4},"end":{"line":18,"column":73}},"11":{"start":{"line":17,"column":20},"end":{"line":17,"column":54}},"12":{"start":{"line":18,"column":22},"end":{"line":18,"column":71}},"13":{"start":{"line":22,"column":0},"end":{"line":24,"column":3}},"14":{"start":{"line":23,"column":4},"end":{"line":23,"column":38}},"15":{"start":{"line":26,"column":0},"end":{"line":35,"column":3}},"16":{"start":{"line":27,"column":4},"end":{"line":34,"column":5}},"17":{"start":{"line":28,"column":25},"end":{"line":28,"column":44}},"18":{"start":{"line":29,"column":8},"end":{"line":29,"column":30}},"19":{"start":{"line":30,"column":8},"end":{"line":30,"column":89}},"20":{"start":{"line":32,"column":8},"end":{"line":32,"column":54}},"21":{"start":{"line":33,"column":8},"end":{"line":33,"column":55}},"22":{"start":{"line":37,"column":0},"end":{"line":52,"column":3}},"23":{"start":{"line":38,"column":4},"end":{"line":51,"column":5}},"24":{"start":{"line":40,"column":22},"end":{"line":40,"column":91}},"25":{"start":{"line":43,"column":8},"end":{"line":45,"column":9}},"26":{"start":{"line":44,"column":12},"end":{"line":44,"column":72}},"27":{"start":{"line":47,"column":8},"end":{"line":47,"column":79}},"28":{"start":{"line":49,"column":8},"end":{"line":49,"column":54}},"29":{"start":{"line":50,"column":8},"end":{"line":50,"column":55}},"30":{"start":{"line":57,"column":0},"end":{"line":65,"column":3}},"31":{"start":{"line":58,"column":4},"end":{"line":64,"column":5}},"32":{"start":{"line":59,"column":23},"end":{"line":59,"column":41}},"33":{"start":{"line":60,"column":8},"end":{"line":60,"column":37}},"34":{"start":{"line":62,"column":8},"end":{"line":62,"column":55}},"35":{"start":{"line":63,"column":8},"end":{"line":63,"column":65}},"36":{"start":{"line":67,"column":0},"end":{"line":78,"column":3}},"37":{"start":{"line":68,"column":4},"end":{"line":77,"column":5}},"38":{"start":{"line":69,"column":22},"end":{"line":69,"column":66}},"39":{"start":{"line":70,"column":8},"end":{"line":72,"column":9}},"40":{"start":{"line":71,"column":12},"end":{"line":71,"column":72}},"41":{"start":{"line":73,"column":8},"end":{"line":73,"column":72}},"42":{"start":{"line":75,"column":8},"end":{"line":75,"column":54}},"43":{"start":{"line":76,"column":8},"end":{"line":76,"column":55}},"44":{"start":{"line":82,"column":0},"end":{"line":84,"column":1}},"45":{"start":{"line":83,"column":4},"end":{"line":83,"column":77}},"46":{"start":{"line":83,"column":27},"end":{"line":83,"column":75}},"47":{"start":{"line":87,"column":0},"end":{"line":87,"column":21}}},"fnMap":{"0":{"name":"(anonymous_0)","decl":{"start":{"line":17,"column":14},"end":{"line":17,"column":15}},"loc":{"start":{"line":17,"column":20},"end":{"line":17,"column":54}},"line":17},"1":{"name":"(anonymous_1)","decl":{"start":{"line":18,"column":15},"end":{"line":18,"column":16}},"loc":{"start":{"line":18,"column":22},"end":{"line":18,"column":71}},"line":18},"2":{"name":"(anonymous_2)","decl":{"start":{"line":22,"column":13},"end":{"line":22,"column":14}},"loc":{"start":{"line":22,"column":27},"end":{"line":24,"column":1}},"line":22},"3":{"name":"(anonymous_3)","decl":{"start":{"line":26,"column":20},"end":{"line":26,"column":21}},"loc":{"start":{"line":26,"column":40},"end":{"line":35,"column":1}},"line":26},"4":{"name":"(anonymous_4)","decl":{"start":{"line":37,"column":23},"end":{"line":37,"column":24}},"loc":{"start":{"line":37,"column":43},"end":{"line":52,"column":1}},"line":37},"5":{"name":"(anonymous_5)","decl":{"start":{"line":57,"column":19},"end":{"line":57,"column":20}},"loc":{"start":{"line":57,"column":39},"end":{"line":65,"column":1}},"line":57},"6":{"name":"(anonymous_6)","decl":{"start":{"line":67,"column":26},"end":{"line":67,"column":27}},"loc":{"start":{"line":67,"column":46},"end":{"line":78,"column":1}},"line":67},"7":{"name":"(anonymous_7)","decl":{"start":{"line":83,"column":21},"end":{"line":83,"column":22}},"loc":{"start":{"line":83,"column":27},"end":{"line":83,"column":75}},"line":83}},"branchMap":{"0":{"loc":{"start":{"line":8,"column":13},"end":{"line":8,"column":37}},"type":"binary-expr","locations":[{"start":{"line":8,"column":13},"end":{"line":8,"column":29}},{"start":{"line":8,"column":33},"end":{"line":8,"column":37}}],"line":8},"1":{"loc":{"start":{"line":15,"column":0},"end":{"line":19,"column":1}},"type":"if","locations":[{"start":{"line":15,"column":0},"end":{"line":19,"column":1}},{"start":{},"end":{}}],"line":15},"2":{"loc":{"start":{"line":43,"column":8},"end":{"line":45,"column":9}},"type":"if","locations":[{"start":{"line":43,"column":8},"end":{"line":45,"column":9}},{"start":{},"end":{}}],"line":43},"3":{"loc":{"start":{"line":70,"column":8},"end":{"line":72,"column":9}},"type":"if","locations":[{"start":{"line":70,"column":8},"end":{"line":72,"column":9}},{"start":{},"end":{}}],"line":70},"4":{"loc":{"start":{"line":82,"column":0},"end":{"line":84,"column":1}},"type":"if","locations":[{"start":{"line":82,"column":0},"end":{"line":84,"column":1}},{"start":{},"end":{}}],"line":82}},"s":{"0":1,"1":1,"2":1,"3":1,"4":1,"5":1,"6":1,"7":1,"8":1,"9":1,"10":0,"11":0,"12":0,"13":1,"14":0,"15":1,"16":2,"17":2,"18":2,"19":1,"20":1,"21":1,"22":1,"23":1,"24":1,"25":1,"26":0,"27":1,"28":0,"29":0,"30":1,"31":2,"32":2,"33":2,"34":0,"35":0,"36":1,"37":2,"38":2,"39":2,"40":1,"41":1,"42":0,"43":0,"44":1,"45":0,"46":0,"47":1},"f":{"0":0,"1":0,"2":0,"3":2,"4":1,"5":2,"6":2,"7":0},"b":{"0":[1,1],"1":[0,1],"2":[0,1],"3":[1,1],"4":[0,1]},"_coverageSchema":"1a1c01bbd47fc00a2c39e90264f33305004495a9","hash":"946d7eeb2f523c454fa4e9365c9e82d49b0f2181"}
,"C:\\Users\\Nahom\\Dropbox\\PC\\Documents\\GitHub\\COSC-4353-Project\\Backend\\models\\Event.js": {"path":"C:\\Users\\Nahom\\Dropbox\\PC\\Documents\\GitHub\\COSC-4353-Project\\Backend\\models\\Event.js","statementMap":{"0":{"start":{"line":1,"column":17},"end":{"line":1,"column":36}},"1":{"start":{"line":3,"column":20},"end":{"line":10,"column":2}},"2":{"start":{"line":12,"column":14},"end":{"line":12,"column":50}},"3":{"start":{"line":14,"column":0},"end":{"line":14,"column":23}}},"fnMap":{},"branchMap":{},"s":{"0":1,"1":1,"2":1,"3":1},"f":{},"b":{},"_coverageSchema":"1a1c01bbd47fc00a2c39e90264f33305004495a9","hash":"4e2366447103d373e89572f7d0d7bf6cd2a27014"}
}
