{"C:\\Users\\sahir\\Documents\\Projects\\cosc-4353-project\\backend\\server.js": {"path":"C:\\Users\\sahir\\Documents\\Projects\\cosc-4353-project\\backend\\server.js","statementMap":{"0":{"start":{"line":1,"column":16},"end":{"line":1,"column":34}},"1":{"start":{"line":2,"column":15},"end":{"line":2,"column":34}},"2":{"start":{"line":3,"column":14},"end":{"line":3,"column":31}},"3":{"start":{"line":4,"column":13},"end":{"line":4,"column":28}},"4":{"start":{"line":5,"column":16},"end":{"line":5,"column":42}},"5":{"start":{"line":6,"column":21},"end":{"line":6,"column":45}},"6":{"start":{"line":8,"column":12},"end":{"line":8,"column":21}},"7":{"start":{"line":9,"column":13},"end":{"line":9,"column":17}},"8":{"start":{"line":12,"column":0},"end":{"line":12,"column":24}},"9":{"start":{"line":13,"column":0},"end":{"line":13,"column":70}},"10":{"start":{"line":14,"column":0},"end":{"line":14,"column":24}},"11":{"start":{"line":17,"column":0},"end":{"line":29,"column":2}},"12":{"start":{"line":32,"column":11},"end":{"line":37,"column":2}},"13":{"start":{"line":39,"column":0},"end":{"line":42,"column":3}},"14":{"start":{"line":40,"column":2},"end":{"line":40,"column":21}},"15":{"start":{"line":40,"column":11},"end":{"line":40,"column":21}},"16":{"start":{"line":41,"column":2},"end":{"line":41,"column":36}},"17":{"start":{"line":45,"column":0},"end":{"line":102,"column":3}},"18":{"start":{"line":46,"column":36},"end":{"line":46,"column":44}},"19":{"start":{"line":49,"column":2},"end":{"line":51,"column":3}},"20":{"start":{"line":50,"column":4},"end":{"line":50,"column":61}},"21":{"start":{"line":54,"column":2},"end":{"line":56,"column":3}},"22":{"start":{"line":55,"column":4},"end":{"line":55,"column":80}},"23":{"start":{"line":59,"column":25},"end":{"line":59,"column":56}},"24":{"start":{"line":62,"column":20},"end":{"line":62,"column":90}},"25":{"start":{"line":63,"column":2},"end":{"line":101,"column":5}},"26":{"start":{"line":64,"column":4},"end":{"line":69,"column":5}},"27":{"start":{"line":65,"column":6},"end":{"line":67,"column":7}},"28":{"start":{"line":66,"column":8},"end":{"line":66,"column":72}},"29":{"start":{"line":68,"column":6},"end":{"line":68,"column":65}},"30":{"start":{"line":72,"column":19},"end":{"line":72,"column":34}},"31":{"start":{"line":75,"column":25},"end":{"line":78,"column":5}},"32":{"start":{"line":79,"column":4},"end":{"line":100,"column":6}},"33":{"start":{"line":94,"column":8},"end":{"line":96,"column":9}},"34":{"start":{"line":95,"column":10},"end":{"line":95,"column":69}},"35":{"start":{"line":98,"column":8},"end":{"line":98,"column":74}},"36":{"start":{"line":105,"column":0},"end":{"line":136,"column":3}},"37":{"start":{"line":106,"column":30},"end":{"line":106,"column":38}},"38":{"start":{"line":109,"column":2},"end":{"line":111,"column":3}},"39":{"start":{"line":110,"column":4},"end":{"line":110,"column":80}},"40":{"start":{"line":114,"column":16},"end":{"line":114,"column":63}},"41":{"start":{"line":115,"column":2},"end":{"line":135,"column":5}},"42":{"start":{"line":116,"column":4},"end":{"line":116,"column":23}},"43":{"start":{"line":116,"column":13},"end":{"line":116,"column":23}},"44":{"start":{"line":118,"column":4},"end":{"line":120,"column":5}},"45":{"start":{"line":119,"column":6},"end":{"line":119,"column":65}},"46":{"start":{"line":122,"column":17},"end":{"line":122,"column":27}},"47":{"start":{"line":125,"column":28},"end":{"line":125,"column":73}},"48":{"start":{"line":126,"column":4},"end":{"line":128,"column":5}},"49":{"start":{"line":127,"column":6},"end":{"line":127,"column":70}},"50":{"start":{"line":131,"column":4},"end":{"line":131,"column":75}},"51":{"start":{"line":134,"column":4},"end":{"line":134,"column":70}},"52":{"start":{"line":139,"column":0},"end":{"line":169,"column":3}},"53":{"start":{"line":141,"column":2},"end":{"line":143,"column":3}},"54":{"start":{"line":142,"column":4},"end":{"line":142,"column":61}},"55":{"start":{"line":146,"column":16},"end":{"line":146,"column":56}},"56":{"start":{"line":147,"column":2},"end":{"line":168,"column":5}},"57":{"start":{"line":148,"column":4},"end":{"line":148,"column":23}},"58":{"start":{"line":148,"column":13},"end":{"line":148,"column":23}},"59":{"start":{"line":150,"column":4},"end":{"line":152,"column":5}},"60":{"start":{"line":151,"column":6},"end":{"line":151,"column":65}},"61":{"start":{"line":154,"column":24},"end":{"line":154,"column":34}},"62":{"start":{"line":155,"column":4},"end":{"line":167,"column":7}},"63":{"start":{"line":172,"column":0},"end":{"line":225,"column":3}},"64":{"start":{"line":173,"column":2},"end":{"line":173,"column":52}},"65":{"start":{"line":175,"column":2},"end":{"line":177,"column":3}},"66":{"start":{"line":176,"column":4},"end":{"line":176,"column":61}},"67":{"start":{"line":179,"column":96},"end":{"line":179,"column":104}},"68":{"start":{"line":181,"column":2},"end":{"line":181,"column":52}},"69":{"start":{"line":184,"column":16},"end":{"line":188,"column":3}},"70":{"start":{"line":189,"column":2},"end":{"line":224,"column":4}},"71":{"start":{"line":204,"column":6},"end":{"line":206,"column":7}},"72":{"start":{"line":205,"column":8},"end":{"line":205,"column":67}},"73":{"start":{"line":209,"column":6},"end":{"line":222,"column":9}},"74":{"start":{"line":228,"column":0},"end":{"line":242,"column":3}},"75":{"start":{"line":230,"column":2},"end":{"line":232,"column":3}},"76":{"start":{"line":231,"column":4},"end":{"line":231,"column":69}},"77":{"start":{"line":235,"column":2},"end":{"line":241,"column":5}},"78":{"start":{"line":236,"column":4},"end":{"line":238,"column":5}},"79":{"start":{"line":237,"column":6},"end":{"line":237,"column":67}},"80":{"start":{"line":239,"column":4},"end":{"line":239,"column":35}},"81":{"start":{"line":240,"column":4},"end":{"line":240,"column":47}},"82":{"start":{"line":252,"column":0},"end":{"line":252,"column":27}}},"fnMap":{"0":{"name":"(anonymous_0)","decl":{"start":{"line":39,"column":11},"end":{"line":39,"column":12}},"loc":{"start":{"line":39,"column":20},"end":{"line":42,"column":1}},"line":39},"1":{"name":"(anonymous_1)","decl":{"start":{"line":45,"column":22},"end":{"line":45,"column":23}},"loc":{"start":{"line":45,"column":42},"end":{"line":102,"column":1}},"line":45},"2":{"name":"(anonymous_2)","decl":{"start":{"line":63,"column":53},"end":{"line":63,"column":54}},"loc":{"start":{"line":63,"column":70},"end":{"line":101,"column":3}},"line":63},"3":{"name":"(anonymous_3)","decl":{"start":{"line":93,"column":6},"end":{"line":93,"column":7}},"loc":{"start":{"line":93,"column":15},"end":{"line":99,"column":7}},"line":93},"4":{"name":"(anonymous_4)","decl":{"start":{"line":105,"column":19},"end":{"line":105,"column":20}},"loc":{"start":{"line":105,"column":39},"end":{"line":136,"column":1}},"line":105},"5":{"name":"(anonymous_5)","decl":{"start":{"line":115,"column":27},"end":{"line":115,"column":28}},"loc":{"start":{"line":115,"column":51},"end":{"line":135,"column":3}},"line":115},"6":{"name":"(anonymous_6)","decl":{"start":{"line":139,"column":20},"end":{"line":139,"column":21}},"loc":{"start":{"line":139,"column":34},"end":{"line":169,"column":1}},"line":139},"7":{"name":"(anonymous_7)","decl":{"start":{"line":147,"column":41},"end":{"line":147,"column":42}},"loc":{"start":{"line":147,"column":59},"end":{"line":168,"column":3}},"line":147},"8":{"name":"(anonymous_8)","decl":{"start":{"line":172,"column":20},"end":{"line":172,"column":21}},"loc":{"start":{"line":172,"column":40},"end":{"line":225,"column":1}},"line":172},"9":{"name":"(anonymous_9)","decl":{"start":{"line":203,"column":4},"end":{"line":203,"column":5}},"loc":{"start":{"line":203,"column":13},"end":{"line":223,"column":5}},"line":203},"10":{"name":"(anonymous_10)","decl":{"start":{"line":228,"column":20},"end":{"line":228,"column":21}},"loc":{"start":{"line":228,"column":34},"end":{"line":242,"column":1}},"line":228},"11":{"name":"(anonymous_11)","decl":{"start":{"line":235,"column":22},"end":{"line":235,"column":23}},"loc":{"start":{"line":235,"column":31},"end":{"line":241,"column":3}},"line":235}},"branchMap":{"0":{"loc":{"start":{"line":40,"column":2},"end":{"line":40,"column":21}},"type":"if","locations":[{"start":{"line":40,"column":2},"end":{"line":40,"column":21}},{"start":{},"end":{}}],"line":40},"1":{"loc":{"start":{"line":49,"column":2},"end":{"line":51,"column":3}},"type":"if","locations":[{"start":{"line":49,"column":2},"end":{"line":51,"column":3}},{"start":{},"end":{}}],"line":49},"2":{"loc":{"start":{"line":49,"column":6},"end":{"line":49,"column":53}},"type":"binary-expr","locations":[{"start":{"line":49,"column":6},"end":{"line":49,"column":11}},{"start":{"line":49,"column":15},"end":{"line":49,"column":53}}],"line":49},"3":{"loc":{"start":{"line":54,"column":2},"end":{"line":56,"column":3}},"type":"if","locations":[{"start":{"line":54,"column":2},"end":{"line":56,"column":3}},{"start":{},"end":{}}],"line":54},"4":{"loc":{"start":{"line":54,"column":6},"end":{"line":54,"column":25}},"type":"binary-expr","locations":[{"start":{"line":54,"column":6},"end":{"line":54,"column":12}},{"start":{"line":54,"column":16},"end":{"line":54,"column":25}}],"line":54},"5":{"loc":{"start":{"line":64,"column":4},"end":{"line":69,"column":5}},"type":"if","locations":[{"start":{"line":64,"column":4},"end":{"line":69,"column":5}},{"start":{},"end":{}}],"line":64},"6":{"loc":{"start":{"line":65,"column":6},"end":{"line":67,"column":7}},"type":"if","locations":[{"start":{"line":65,"column":6},"end":{"line":67,"column":7}},{"start":{},"end":{}}],"line":65},"7":{"loc":{"start":{"line":94,"column":8},"end":{"line":96,"column":9}},"type":"if","locations":[{"start":{"line":94,"column":8},"end":{"line":96,"column":9}},{"start":{},"end":{}}],"line":94},"8":{"loc":{"start":{"line":109,"column":2},"end":{"line":111,"column":3}},"type":"if","locations":[{"start":{"line":109,"column":2},"end":{"line":111,"column":3}},{"start":{},"end":{}}],"line":109},"9":{"loc":{"start":{"line":109,"column":6},"end":{"line":109,"column":25}},"type":"binary-expr","locations":[{"start":{"line":109,"column":6},"end":{"line":109,"column":12}},{"start":{"line":109,"column":16},"end":{"line":109,"column":25}}],"line":109},"10":{"loc":{"start":{"line":116,"column":4},"end":{"line":116,"column":23}},"type":"if","locations":[{"start":{"line":116,"column":4},"end":{"line":116,"column":23}},{"start":{},"end":{}}],"line":116},"11":{"loc":{"start":{"line":118,"column":4},"end":{"line":120,"column":5}},"type":"if","locations":[{"start":{"line":118,"column":4},"end":{"line":120,"column":5}},{"start":{},"end":{}}],"line":118},"12":{"loc":{"start":{"line":126,"column":4},"end":{"line":128,"column":5}},"type":"if","locations":[{"start":{"line":126,"column":4},"end":{"line":128,"column":5}},{"start":{},"end":{}}],"line":126},"13":{"loc":{"start":{"line":141,"column":2},"end":{"line":143,"column":3}},"type":"if","locations":[{"start":{"line":141,"column":2},"end":{"line":143,"column":3}},{"start":{},"end":{}}],"line":141},"14":{"loc":{"start":{"line":148,"column":4},"end":{"line":148,"column":23}},"type":"if","locations":[{"start":{"line":148,"column":4},"end":{"line":148,"column":23}},{"start":{},"end":{}}],"line":148},"15":{"loc":{"start":{"line":150,"column":4},"end":{"line":152,"column":5}},"type":"if","locations":[{"start":{"line":150,"column":4},"end":{"line":152,"column":5}},{"start":{},"end":{}}],"line":150},"16":{"loc":{"start":{"line":157,"column":18},"end":{"line":157,"column":45}},"type":"binary-expr","locations":[{"start":{"line":157,"column":18},"end":{"line":157,"column":39}},{"start":{"line":157,"column":43},"end":{"line":157,"column":45}}],"line":157},"17":{"loc":{"start":{"line":158,"column":18},"end":{"line":158,"column":44}},"type":"binary-expr","locations":[{"start":{"line":158,"column":18},"end":{"line":158,"column":38}},{"start":{"line":158,"column":42},"end":{"line":158,"column":44}}],"line":158},"18":{"loc":{"start":{"line":159,"column":18},"end":{"line":159,"column":44}},"type":"binary-expr","locations":[{"start":{"line":159,"column":18},"end":{"line":159,"column":38}},{"start":{"line":159,"column":42},"end":{"line":159,"column":44}}],"line":159},"19":{"loc":{"start":{"line":160,"column":14},"end":{"line":160,"column":36}},"type":"binary-expr","locations":[{"start":{"line":160,"column":14},"end":{"line":160,"column":30}},{"start":{"line":160,"column":34},"end":{"line":160,"column":36}}],"line":160},"20":{"loc":{"start":{"line":161,"column":15},"end":{"line":161,"column":38}},"type":"binary-expr","locations":[{"start":{"line":161,"column":15},"end":{"line":161,"column":32}},{"start":{"line":161,"column":36},"end":{"line":161,"column":38}}],"line":161},"21":{"loc":{"start":{"line":162,"column":13},"end":{"line":162,"column":34}},"type":"binary-expr","locations":[{"start":{"line":162,"column":13},"end":{"line":162,"column":28}},{"start":{"line":162,"column":32},"end":{"line":162,"column":34}}],"line":162},"22":{"loc":{"start":{"line":163,"column":16},"end":{"line":163,"column":72}},"type":"cond-expr","locations":[{"start":{"line":163,"column":37},"end":{"line":163,"column":67}},{"start":{"line":163,"column":70},"end":{"line":163,"column":72}}],"line":163},"23":{"loc":{"start":{"line":164,"column":21},"end":{"line":164,"column":50}},"type":"binary-expr","locations":[{"start":{"line":164,"column":21},"end":{"line":164,"column":44}},{"start":{"line":164,"column":48},"end":{"line":164,"column":50}}],"line":164},"24":{"loc":{"start":{"line":165,"column":22},"end":{"line":165,"column":90}},"type":"cond-expr","locations":[{"start":{"line":165,"column":49},"end":{"line":165,"column":85}},{"start":{"line":165,"column":88},"end":{"line":165,"column":90}}],"line":165},"25":{"loc":{"start":{"line":175,"column":2},"end":{"line":177,"column":3}},"type":"if","locations":[{"start":{"line":175,"column":2},"end":{"line":177,"column":3}},{"start":{},"end":{}}],"line":175},"26":{"loc":{"start":{"line":204,"column":6},"end":{"line":206,"column":7}},"type":"if","locations":[{"start":{"line":204,"column":6},"end":{"line":206,"column":7}},{"start":{},"end":{}}],"line":204},"27":{"loc":{"start":{"line":230,"column":2},"end":{"line":232,"column":3}},"type":"if","locations":[{"start":{"line":230,"column":2},"end":{"line":232,"column":3}},{"start":{},"end":{}}],"line":230},"28":{"loc":{"start":{"line":236,"column":4},"end":{"line":238,"column":5}},"type":"if","locations":[{"start":{"line":236,"column":4},"end":{"line":238,"column":5}},{"start":{},"end":{}}],"line":236}},"s":{"0":1,"1":1,"2":1,"3":1,"4":1,"5":1,"6":1,"7":1,"8":1,"9":1,"10":1,"11":1,"12":1,"13":1,"14":1,"15":0,"16":1,"17":1,"18":11,"19":11,"20":1,"21":10,"22":2,"23":8,"24":8,"25":8,"26":8,"27":7,"28":6,"29":1,"30":1,"31":1,"32":1,"33":1,"34":0,"35":1,"36":1,"37":7,"38":7,"39":2,"40":5,"41":5,"42":5,"43":0,"44":5,"45":0,"46":5,"47":5,"48":5,"49":1,"50":4,"51":4,"52":1,"53":2,"54":1,"55":1,"56":1,"57":1,"58":0,"59":1,"60":0,"61":1,"62":1,"63":1,"64":1,"65":1,"66":0,"67":1,"68":1,"69":1,"70":1,"71":1,"72":0,"73":1,"74":1,"75":2,"76":1,"77":1,"78":1,"79":0,"80":1,"81":1,"82":1},"f":{"0":1,"1":11,"2":8,"3":1,"4":7,"5":5,"6":2,"7":1,"8":1,"9":1,"10":2,"11":1},"b":{"0":[0,1],"1":[1,10],"2":[11,11],"3":[2,8],"4":[10,9],"5":[7,1],"6":[6,1],"7":[0,1],"8":[2,5],"9":[7,6],"10":[0,5],"11":[0,5],"12":[1,4],"13":[1,1],"14":[0,1],"15":[0,1],"16":[1,0],"17":[1,0],"18":[1,1],"19":[1,0],"20":[1,0],"21":[1,0],"22":[1,0],"23":[1,0],"24":[1,0],"25":[0,1],"26":[0,1],"27":[1,1],"28":[0,1]},"_coverageSchema":"1a1c01bbd47fc00a2c39e90264f33305004495a9","hash":"133fed0d5455e0a5fe6fda90f1dfaf78d9dd8ff5"}
}
