TN:
SF:server.js
FN:17,(anonymous_0)
FN:18,(anonymous_1)
FN:22,(anonymous_2)
FN:26,(anonymous_3)
FN:37,(anonymous_4)
FN:57,(anonymous_5)
FN:67,(anonymous_6)
FN:83,(anonymous_7)
FNF:8
FNH:4
FNDA:0,(anonymous_0)
FNDA:0,(anonymous_1)
FNDA:0,(anonymous_2)
FNDA:2,(anonymous_3)
FNDA:1,(anonymous_4)
FNDA:2,(anonymous_5)
FNDA:2,(anonymous_6)
FNDA:0,(anonymous_7)
DA:1,1
DA:2,1
DA:3,1
DA:4,1
DA:5,1
DA:7,1
DA:8,1
DA:11,1
DA:12,1
DA:15,1
DA:16,0
DA:17,0
DA:18,0
DA:22,1
DA:23,0
DA:26,1
DA:27,2
DA:28,2
DA:29,2
DA:30,1
DA:32,1
DA:33,1
DA:37,1
DA:38,1
DA:40,1
DA:43,1
DA:44,0
DA:47,1
DA:49,0
DA:50,0
DA:57,1
DA:58,2
DA:59,2
DA:60,2
DA:62,0
DA:63,0
DA:67,1
DA:68,2
DA:69,2
DA:70,2
DA:71,1
DA:73,1
DA:75,0
DA:76,0
DA:82,1
DA:83,0
DA:87,1
LF:47
LH:35
BRDA:8,0,0,1
BRDA:8,0,1,1
BRDA:15,1,0,0
BRDA:15,1,1,1
BRDA:43,2,0,0
BRDA:43,2,1,1
BRDA:70,3,0,1
BRDA:70,3,1,1
BRDA:82,4,0,0
BRDA:82,4,1,1
BRF:10
BRH:7
end_of_record
TN:
SF:models\Event.js
FNF:0
FNH:0
DA:1,1
DA:3,1
DA:12,1
DA:14,1
LF:4
LH:4
BRF:0
BRH:0
end_of_record
