TN:
SF:server.js
FN:39,(anonymous_0)
FN:45,(anonymous_1)
FN:63,(anonymous_2)
FN:93,(anonymous_3)
FN:105,(anonymous_4)
FN:115,(anonymous_5)
FN:139,(anonymous_6)
FN:147,(anonymous_7)
FN:172,(anonymous_8)
FN:203,(anonymous_9)
FN:228,(anonymous_10)
FN:235,(anonymous_11)
FNF:12
FNH:12
FNDA:1,(anonymous_0)
FNDA:11,(anonymous_1)
FNDA:8,(anonymous_2)
FNDA:1,(anonymous_3)
FNDA:7,(anonymous_4)
FNDA:5,(anonymous_5)
FNDA:2,(anonymous_6)
FNDA:1,(anonymous_7)
FNDA:1,(anonymous_8)
FNDA:1,(anonymous_9)
FNDA:2,(anonymous_10)
FNDA:1,(anonymous_11)
DA:1,1
DA:2,1
DA:3,1
DA:4,1
DA:5,1
DA:6,1
DA:8,1
DA:9,1
DA:12,1
DA:13,1
DA:14,1
DA:17,1
DA:32,1
DA:39,1
DA:40,1
DA:41,1
DA:45,1
DA:46,11
DA:49,11
DA:50,1
DA:54,10
DA:55,2
DA:59,8
DA:62,8
DA:63,8
DA:64,8
DA:65,7
DA:66,6
DA:68,1
DA:72,1
DA:75,1
DA:79,1
DA:94,1
DA:95,0
DA:98,1
DA:105,1
DA:106,7
DA:109,7
DA:110,2
DA:114,5
DA:115,5
DA:116,5
DA:118,5
DA:119,0
DA:122,5
DA:125,5
DA:126,5
DA:127,1
DA:131,4
DA:134,4
DA:139,1
DA:141,2
DA:142,1
DA:146,1
DA:147,1
DA:148,1
DA:150,1
DA:151,0
DA:154,1
DA:155,1
DA:172,1
DA:173,1
DA:175,1
DA:176,0
DA:179,1
DA:181,1
DA:184,1
DA:189,1
DA:204,1
DA:205,0
DA:209,1
DA:228,1
DA:230,2
DA:231,1
DA:235,1
DA:236,1
DA:237,0
DA:239,1
DA:240,1
DA:252,1
LF:80
LH:74
BRDA:40,0,0,0
BRDA:40,0,1,1
BRDA:49,1,0,1
BRDA:49,1,1,10
BRDA:49,2,0,11
BRDA:49,2,1,11
BRDA:54,3,0,2
BRDA:54,3,1,8
BRDA:54,4,0,10
BRDA:54,4,1,9
BRDA:64,5,0,7
BRDA:64,5,1,1
BRDA:65,6,0,6
BRDA:65,6,1,1
BRDA:94,7,0,0
BRDA:94,7,1,1
BRDA:109,8,0,2
BRDA:109,8,1,5
BRDA:109,9,0,7
BRDA:109,9,1,6
BRDA:116,10,0,0
BRDA:116,10,1,5
BRDA:118,11,0,0
BRDA:118,11,1,5
BRDA:126,12,0,1
BRDA:126,12,1,4
BRDA:141,13,0,1
BRDA:141,13,1,1
BRDA:148,14,0,0
BRDA:148,14,1,1
BRDA:150,15,0,0
BRDA:150,15,1,1
BRDA:157,16,0,1
BRDA:157,16,1,0
BRDA:158,17,0,1
BRDA:158,17,1,0
BRDA:159,18,0,1
BRDA:159,18,1,1
BRDA:160,19,0,1
BRDA:160,19,1,0
BRDA:161,20,0,1
BRDA:161,20,1,0
BRDA:162,21,0,1
BRDA:162,21,1,0
BRDA:163,22,0,1
BRDA:163,22,1,0
BRDA:164,23,0,1
BRDA:164,23,1,0
BRDA:165,24,0,1
BRDA:165,24,1,0
BRDA:175,25,0,0
BRDA:175,25,1,1
BRDA:204,26,0,0
BRDA:204,26,1,1
BRDA:230,27,0,1
BRDA:230,27,1,1
BRDA:236,28,0,0
BRDA:236,28,1,1
BRF:58
BRH:41
end_of_record
