TN:
SF:server.js
FN:21,(anonymous_0)
FN:30,(anonymous_1)
FN:38,(anonymous_2)
FN:50,(anonymous_3)
FN:79,(anonymous_4)
FN:88,(anonymous_5)
FN:110,(anonymous_6)
FN:119,(anonymous_7)
FN:153,(anonymous_8)
FN:163,(anonymous_9)
FNF:10
FNH:10
FNDA:1,(anonymous_0)
FNDA:1,(anonymous_1)
FNDA:6,(anonymous_2)
FNDA:17,(anonymous_3)
FNDA:5,(anonymous_4)
FNDA:16,(anonymous_5)
FNDA:3,(anonymous_6)
FNDA:4,(anonymous_7)
FNDA:1,(anonymous_8)
FNDA:4,(anonymous_9)
DA:1,1
DA:2,1
DA:3,1
DA:4,1
DA:5,1
DA:6,1
DA:7,1
DA:9,1
DA:10,1
DA:12,1
DA:13,1
DA:17,1
DA:21,1
DA:22,1
DA:23,1
DA:24,1
DA:26,0
DA:30,1
DA:31,1
DA:34,1
DA:38,1
DA:39,6
DA:41,6
DA:42,1
DA:45,5
DA:46,1
DA:50,17
DA:51,4
DA:52,3
DA:56,1
DA:58,1
DA:70,1
DA:72,1
DA:75,1
DA:79,1
DA:80,5
DA:83,5
DA:84,1
DA:88,16
DA:89,4
DA:90,0
DA:91,0
DA:95,4
DA:96,4
DA:97,4
DA:98,1
DA:102,3
DA:105,3
DA:109,1
DA:111,3
DA:113,3
DA:114,1
DA:117,2
DA:118,2
DA:119,4
DA:121,1
DA:122,0
DA:126,1
DA:136,1
DA:150,1
DA:155,1
DA:157,1
DA:158,0
DA:161,1
DA:162,1
DA:163,4
DA:165,1
DA:166,0
DA:170,1
DA:173,1
DA:174,1
DA:175,1
DA:176,1
DA:177,1
DA:178,1
DA:179,1
DA:180,1
DA:181,1
DA:184,1
DA:199,0
DA:214,1
LF:81
LH:74
BRDA:22,0,0,1
BRDA:22,0,1,0
BRDA:41,1,0,1
BRDA:41,1,1,5
BRDA:41,2,0,6
BRDA:41,2,1,6
BRDA:45,3,0,1
BRDA:45,3,1,4
BRDA:45,4,0,5
BRDA:45,4,1,4
BRDA:51,5,0,3
BRDA:51,5,1,1
BRDA:83,6,0,1
BRDA:83,6,1,4
BRDA:83,7,0,5
BRDA:83,7,1,4
BRDA:89,8,0,0
BRDA:89,8,1,4
BRDA:97,9,0,1
BRDA:97,9,1,3
BRDA:113,10,0,1
BRDA:113,10,1,2
BRDA:121,11,0,0
BRDA:121,11,1,1
BRDA:129,12,0,1
BRDA:129,12,1,0
BRDA:131,13,0,1
BRDA:131,13,1,0
BRDA:138,14,0,1
BRDA:138,14,1,1
BRDA:139,15,0,1
BRDA:139,15,1,1
BRDA:140,16,0,1
BRDA:140,16,1,1
BRDA:141,17,0,1
BRDA:141,17,1,1
BRDA:142,18,0,1
BRDA:142,18,1,1
BRDA:143,19,0,1
BRDA:143,19,1,1
BRDA:144,20,0,1
BRDA:144,20,1,0
BRDA:145,21,0,1
BRDA:145,21,1,1
BRDA:146,22,0,1
BRDA:146,22,1,0
BRDA:157,23,0,0
BRDA:157,23,1,1
BRDA:165,24,0,0
BRDA:165,24,1,1
BRDA:173,25,0,1
BRDA:173,25,1,0
BRDA:174,26,0,1
BRDA:174,26,1,1
BRDA:175,27,0,1
BRDA:175,27,1,1
BRDA:176,28,0,1
BRDA:176,28,1,0
BRDA:177,29,0,1
BRDA:177,29,1,1
BRDA:178,30,0,1
BRDA:178,30,1,1
BRDA:179,31,0,1
BRDA:179,31,1,1
BRDA:180,32,0,1
BRDA:180,32,1,1
BRDA:181,33,0,1
BRDA:181,33,1,1
BRF:68
BRH:57
end_of_record
